{
  "RSpec": {
    "coverage": {
      "/Users/textchimp/wdi/classwork/week10/fruitstore-tdd/app/controllers/fruits_controller.rb": [
        1,
        null,
        1,
        8,
        null,
        8,
        8,
        10,
        null,
        null,
        null,
        null,
        1,
        null,
        null,
        1,
        5,
        5,
        3,
        null,
        null,
        2,
        null,
        null,
        null,
        1,
        1,
        5,
        null,
        null,
        null
      ],
      "/Users/textchimp/wdi/classwork/week10/fruitstore-tdd/app/controllers/application_controller.rb": [
        1,
        null
      ],
      "/Users/textchimp/wdi/classwork/week10/fruitstore-tdd/spec/features/fruits_spec.rb": [
        1,
        null,
        1,
        null,
        1,
        null,
        1,
        8,
        2,
        null,
        null,
        1,
        null,
        1,
        null,
        null,
        1,
        1,
        null,
        null,
        null,
        null,
        null,
        null
      ],
      "/Users/textchimp/wdi/classwork/week10/fruitstore-tdd/app/models/fruit.rb": [
        1,
        null,
        1,
        null,
        1,
        null,
        1,
        0,
        null,
        null,
        null
      ],
      "/Users/textchimp/wdi/classwork/week10/fruitstore-tdd/app/models/application_record.rb": [
        1,
        1,
        null
      ],
      "/Users/textchimp/wdi/classwork/week10/fruitstore-tdd/spec/helpers/fruits_helper_spec.rb": [
        1,
        null,
        null,
        null,
        null,
        null,
        null,
        null,
        null,
        null,
        null,
        null,
        1,
        1,
        null
      ],
      "/Users/textchimp/wdi/classwork/week10/fruitstore-tdd/spec/models/fruit_spec.rb": [
        1,
        null,
        1,
        null,
        null,
        null,
        null,
        null,
        2,
        null,
        null,
        1,
        null,
        1,
        4,
        null,
        null,
        1,
        null,
        1,
        null,
        null,
        1,
        1,
        null,
        null,
        1,
        1,
        null,
        null,
        1,
        1,
        null,
        1,
        1,
        1,
        1,
        1,
        null,
        null,
        1,
        1,
        null,
        null,
        null,
        null,
        null,
        null
      ],
      "/Users/textchimp/wdi/classwork/week10/fruitstore-tdd/spec/models/shelf_spec.rb": [
        1,
        null,
        1,
        1,
        null
      ],
      "/Users/textchimp/wdi/classwork/week10/fruitstore-tdd/app/models/shelf.rb": [
        1,
        null
      ],
      "/Users/textchimp/wdi/classwork/week10/fruitstore-tdd/app/models/pear.rb": [
        1,
        null,
        null,
        1,
        1,
        null,
        null,
        null
      ]
    },
    "timestamp": 1542329807
  }
}
